faceunity/build/outputs/logs/manifest-merger-debug-report.txt
-- Merging decision tree log ---
manifest
ADDED from NeteaseIMSDK\faceunity\AndroidManifest.xml:1:1-7:12
INJECTED from NeteaseIMSDK\faceunity\AndroidManifest.xml:1:1-7:12
INJECTED from NeteaseIMSDK\faceunity\AndroidManifest.xml:1:1-7:12
	package
		ADDED from NeteaseIMSDK\faceunity\AndroidManifest.xml:2:5-28
		INJECTED from NeteaseIMSDK\faceunity\AndroidManifest.xml
		INJECTED from NeteaseIMSDK\faceunity\AndroidManifest.xml
	xmlns:android
		ADDED from NeteaseIMSDK\faceunity\AndroidManifest.xml:1:11-69
application
ADDED from NeteaseIMSDK\faceunity\AndroidManifest.xml:4:5-6:19
	android:supportsRtl
		ADDED from NeteaseIMSDK\faceunity\AndroidManifest.xml:5:9-35
	android:label
		ADDED from NeteaseIMSDK\faceunity\AndroidManifest.xml:4:45-77
	android:allowBackup
		ADDED from NeteaseIMSDK\faceunity\AndroidManifest.xml:4:18-44
uses-sdk
INJECTED from NeteaseIMSDK\faceunity\AndroidManifest.xml reason: use-sdk injection requested
INJECTED from NeteaseIMSDK\faceunity\AndroidManifest.xml
INJECTED from NeteaseIMSDK\faceunity\AndroidManifest.xml
INJECTED from NeteaseIMSDK\faceunity\AndroidManifest.xml
INJECTED from NeteaseIMSDK\faceunity\AndroidManifest.xml
	android:targetSdkVersion
		INJECTED from NeteaseIMSDK\faceunity\AndroidManifest.xml
		ADDED from NeteaseIMSDK\faceunity\AndroidManifest.xml
		INJECTED from NeteaseIMSDK\faceunity\AndroidManifest.xml
	android:minSdkVersion
		INJECTED from NeteaseIMSDK\faceunity\AndroidManifest.xml
		ADDED from NeteaseIMSDK\faceunity\AndroidManifest.xml
		INJECTED from NeteaseIMSDK\faceunity\AndroidManifest.xml